Using pre-set license
Built from '2020.3/staging' branch; Version is '2020.3.22f1 (e1a7f79fd887) revision 14788599'; Using compiler version '192528614'; Build Type 'Release'
OS: 'Windows 10 Pro; OS build 19043.1526; Version 2009; 64bit' Language: 'en' Physical Memory: 16319 MB
BatchMode: 1, IsHumanControllingUs: 0, StartBugReporterOnCrash: 0, Is64bit: 1, IsPro: 0

COMMAND LINE ARGUMENTS:
C:\Program Files\Unity\Hub\Editor\2020.3.22f1\Editor\Unity.exe
-adb2
-batchMode
-noUpm
-name
AssetImportWorker0
-projectPath
C:/Users/Joseph/Desktop/Unity Projects/Honors-Project/Thesis HP Omnicept
-logFile
Logs/AssetImportWorker0.log
-srvPort
52453
Successfully changed project path to: C:/Users/Joseph/Desktop/Unity Projects/Honors-Project/Thesis HP Omnicept
C:/Users/Joseph/Desktop/Unity Projects/Honors-Project/Thesis HP Omnicept
Using Asset Import Pipeline V2.
Refreshing native plugins compatible for Editor in 89.03 ms, found 11 plugins.
Preloading 0 native plugins for Editor in 0.00 ms.
Initialize engine version: 2020.3.22f1 (e1a7f79fd887)
[Subsystems] Discovering subsystems at path C:/Program Files/Unity/Hub/Editor/2020.3.22f1/Editor/Data/Resources/UnitySubsystems
[Subsystems] Discovering subsystems at path C:/Users/Joseph/Desktop/Unity Projects/Honors-Project/Thesis HP Omnicept/Assets
GfxDevice: creating device client; threaded=0
Direct3D:
    Version:  Direct3D 11.0 [level 11.1]
    Renderer: NVIDIA GeForce GTX 1070 Ti (ID=0x1b82)
    Vendor:   
    VRAM:     8079 MB
    Driver:   27.21.14.6677
Initialize mono
Mono path[0] = 'C:/Program Files/Unity/Hub/Editor/2020.3.22f1/Editor/Data/Managed'
Mono path[1] = 'C:/Program Files/Unity/Hub/Editor/2020.3.22f1/Editor/Data/MonoBleedingEdge/lib/mono/unityjit'
Mono config path = 'C:/Program Files/Unity/Hub/Editor/2020.3.22f1/Editor/Data/MonoBleedingEdge/etc'
Using monoOptions --debugger-agent=transport=dt_socket,embedding=1,server=y,suspend=n,address=127.0.0.1:56336
Begin MonoManager ReloadAssembly
Registering precompiled unity dll's ...
Register platform support module: C:/Program Files/Unity/Hub/Editor/2020.3.22f1/Editor/Data/PlaybackEngines/WindowsStandaloneSupport/UnityEditor.WindowsStandalone.Extensions.dll
Registered in 0.002406 seconds.
Native extension for WindowsStandalone target not found
Refreshing native plugins compatible for Editor in 65.50 ms, found 11 plugins.
Preloading 0 native plugins for Editor in 0.00 ms.
Mono: successfully reloaded assembly
- Completed reload, in  2.355 seconds
Domain Reload Profiling:
	ReloadAssembly (2356ms)
		BeginReloadAssembly (56ms)
			ExecutionOrderSort (0ms)
			DisableScriptedObjects (0ms)
			BackupInstance (0ms)
			ReleaseScriptingObjects (0ms)
			CreateAndSetChildDomain (1ms)
		EndReloadAssembly (440ms)
			LoadAssemblies (53ms)
			RebuildTransferFunctionScriptingTraits (0ms)
			SetupTypeCache (128ms)
			ReleaseScriptCaches (0ms)
			RebuildScriptCaches (27ms)
			SetupLoadedEditorAssemblies (178ms)
				LogAssemblyErrors (0ms)
				InitializePlatformSupportModulesInManaged (3ms)
				SetLoadedEditorAssemblies (0ms)
				RefreshPlugins (66ms)
				BeforeProcessingInitializeOnLoad (14ms)
				ProcessInitializeOnLoadAttributes (70ms)
				ProcessInitializeOnLoadMethodAttributes (25ms)
				AfterProcessingInitializeOnLoad (0ms)
				EditorAssembliesLoaded (0ms)
			ExecutionOrderSort2 (0ms)
			AwakeInstancesAfterBackupRestoration (0ms)
Platform modules already initialized, skipping
Registering precompiled user dll's ...
Registered in 0.020932 seconds.
Begin MonoManager ReloadAssembly
Native extension for WindowsStandalone target not found
Refreshing native plugins compatible for Editor in 61.39 ms, found 11 plugins.
Preloading 0 native plugins for Editor in 0.00 ms.
Added DLL directory C:\Users\Joseph\Desktop\Unity Projects\Honors-Project\Thesis HP Omnicept\Library\PackageCache\com.microsoft.mixedreality.input@6c38bbce6c8d-1642658499828\Plugins\Windows\x64 to the user search path.
UnityEngine.StackTraceUtility:ExtractStackTrace ()
UnityEngine.DebugLogHandler:LogFormat (UnityEngine.LogType,UnityEngine.Object,string,object[])
UnityEngine.Logger:Log (UnityEngine.LogType,object)
UnityEngine.Debug:Log (object)
Microsoft.MixedReality.Input.Init:.cctor () (at Library/PackageCache/com.microsoft.mixedreality.input@6c38bbce6c8d-1642658499828/Editor/Microsoft.MixedReality.Input.Init.cs:88)
System.Runtime.CompilerServices.RuntimeHelpers:RunClassConstructor (System.RuntimeTypeHandle)
UnityEditor.EditorAssemblies:ProcessInitializeOnLoadAttributes (System.Type[])

(Filename: Library/PackageCache/com.microsoft.mixedreality.input@6c38bbce6c8d-1642658499828/Editor/Microsoft.MixedReality.Input.Init.cs Line: 88)

[XR] Error loading subsystem: Display (1) (header mismatch?)
[XR] [MROpenXR][Info   ][15:30:46.961247][tid:54ec] MeshProvider_RegisterLifecycleProvider
[XR] [MROpenXR][Info   ][15:30:46.961337][tid:54ec] InputProvider_RegisterLifeCycleProvider
[XR] [MROpenXR][Info   ][15:30:46.962108][tid:54ec] MicrosoftOpenXRPlugin_SetPluginEnvironment unityVersion=2020.3.22f1
[XR] [MROpenXR][Info   ][15:30:46.962676][tid:54ec] MicrosoftOpenXRPlugin_SetPluginEnvironment openXRPluginVersion=1.3.1
[XR] [MROpenXR][Info   ][15:30:46.962724][tid:54ec] MicrosoftOpenXRPlugin_SetPluginEnvironment mrOpenXRPluginVersion=1.2.1.0
[XR] [MROpenXR][Info   ][15:30:46.962795][tid:54ec] OnPluginStarted UnityVersion=2020.3.22f1 OpenXRPluginVersion=1.3.1 MROpenXRPluginVersion=1.2.1.0 PartA_PrivTags=33554432
Mono: successfully reloaded assembly
- Completed reload, in  4.408 seconds
Domain Reload Profiling:
	ReloadAssembly (4409ms)
		BeginReloadAssembly (151ms)
			ExecutionOrderSort (0ms)
			DisableScriptedObjects (4ms)
			BackupInstance (0ms)
			ReleaseScriptingObjects (0ms)
			CreateAndSetChildDomain (18ms)
		EndReloadAssembly (4189ms)
			LoadAssemblies (131ms)
			RebuildTransferFunctionScriptingTraits (0ms)
			SetupTypeCache (361ms)
			ReleaseScriptCaches (1ms)
			RebuildScriptCaches (63ms)
			SetupLoadedEditorAssemblies (3525ms)
				LogAssemblyErrors (0ms)
				InitializePlatformSupportModulesInManaged (4ms)
				SetLoadedEditorAssemblies (0ms)
				RefreshPlugins (61ms)
				BeforeProcessingInitializeOnLoad (1588ms)
				ProcessInitializeOnLoadAttributes (1531ms)
				ProcessInitializeOnLoadMethodAttributes (330ms)
				AfterProcessingInitializeOnLoad (12ms)
				EditorAssembliesLoaded (0ms)
			ExecutionOrderSort2 (0ms)
			AwakeInstancesAfterBackupRestoration (5ms)
Platform modules already initialized, skipping
========================================================================
Worker process is ready to serve import requests
Launched and connected shader compiler UnityShaderCompiler.exe after 0.06 seconds
Refreshing native plugins compatible for Editor in 0.96 ms, found 11 plugins.
Preloading 0 native plugins for Editor in 0.00 ms.
Unloading 3686 Unused Serialized files (Serialized files now loaded: 0)
System memory in use before: 139.8 MB.
System memory in use after: 140.0 MB.

Unloading 68 unused Assets to reduce memory usage. Loaded Objects now: 4125.
Total: 3.727800 ms (FindLiveObjects: 0.280800 ms CreateObjectMapping: 0.144300 ms MarkObjects: 3.223700 ms  DeleteObjects: 0.078200 ms)

AssetImportParameters requested are different than current active one (requested -> active):
  custom:framework-win-MediaFoundation: 216162199b28c13a410421893ffa2e32 -> 
  custom:video-decoder-ogg-theora: a1e56fd34408186e4bbccfd4996cb3dc -> 
  custom:container-muxer-webm: aa71ff27fc2769a1b78a27578f13a17b -> 
  custom:container-demuxer-webm: 4f35f7cbe854078d1ac9338744f61a02 -> 
  custom:container-demuxer-ogg: 62fdf1f143b41e24485cea50d1cbac27 -> 
  custom:video-encoder-webm-vp8: eb34c28f22e8b96e1ab97ce403110664 -> 
  custom:video-decoder-webm-vp8: 9c59270c3fd7afecdb556c50c9e8de78 -> 
  custom:audio-decoder-ogg-vorbis: bf7c407c2cedff20999df2af8eb42d56 -> 
  custom:audio-encoder-webm-vorbis: bf7c407c2cedff20999df2af8eb42d56 -> 
========================================================================
Received Import Request.
  path: Assets/Scripts/CalibrationManager.cs
  artifactKey: Guid(bda072e5117185941b27ce4addd3c602) Importer(815301076,1909f56bfc062723c751e8b465ee728b)
Start importing Assets/Scripts/CalibrationManager.cs using Guid(bda072e5117185941b27ce4addd3c602) Importer(815301076,1909f56bfc062723c751e8b465ee728b)  -> (artifact id: '0c12b8b86a372ba31d381ce789c39526') in 0.033407 seconds 
  Import took 0.039453 seconds .

========================================================================
Received Import Request.
  Time since last request: 623.054974 seconds.
  path: Assets/Scenes/Disparometer.unity
  artifactKey: Guid(9fc0d4010bbf28b4594072e72b8655ab) Importer(815301076,1909f56bfc062723c751e8b465ee728b)
Start importing Assets/Scenes/Disparometer.unity using Guid(9fc0d4010bbf28b4594072e72b8655ab) Importer(815301076,1909f56bfc062723c751e8b465ee728b)  -> (artifact id: '48891759dae5abf8c5742fddf3161744') in 0.012741 seconds 
  Import took 0.019098 seconds .

========================================================================
Received Import Request.
  Time since last request: 512.496536 seconds.
  path: Assets/Scenes/test.unity
  artifactKey: Guid(74c9f0a16f26d4749b6067e1e572ffdb) Importer(815301076,1909f56bfc062723c751e8b465ee728b)
Start importing Assets/Scenes/test.unity using Guid(74c9f0a16f26d4749b6067e1e572ffdb) Importer(815301076,1909f56bfc062723c751e8b465ee728b)  -> (artifact id: '1e52354f76133681469261d8959766d7') in 0.003818 seconds 
  Import took 0.010198 seconds .

========================================================================
Received Import Request.
  Time since last request: 0.378215 seconds.
  path: Assets/Scenes/simpletest.unity
  artifactKey: Guid(3e6beeed613f7854a9687ea6ddab60d0) Importer(815301076,1909f56bfc062723c751e8b465ee728b)
Start importing Assets/Scenes/simpletest.unity using Guid(3e6beeed613f7854a9687ea6ddab60d0) Importer(815301076,1909f56bfc062723c751e8b465ee728b)  -> (artifact id: '38bc21d26aac73b7ebf24d37471872c6') in 0.003766 seconds 
  Import took 0.009005 seconds .

AssetImportWorkerClient::OnTransportError - code=2 error=End of file
