Using pre-set license
Built from '2020.3/staging' branch; Version is '2020.3.22f1 (e1a7f79fd887) revision 14788599'; Using compiler version '192528614'; Build Type 'Release'
OS: 'Windows 10 Pro; OS build 19043.1466; Version 2009; 64bit' Language: 'en' Physical Memory: 16319 MB
BatchMode: 1, IsHumanControllingUs: 0, StartBugReporterOnCrash: 0, Is64bit: 1, IsPro: 0

COMMAND LINE ARGUMENTS:
C:\Program Files\Unity\Hub\Editor\2020.3.22f1\Editor\Unity.exe
-adb2
-batchMode
-noUpm
-name
AssetImportWorker0
-projectPath
C:/Users/Joseph/Desktop/Unity Projects/Honors-Project/Samples
-logFile
Logs/AssetImportWorker0.log
-srvPort
61557
Successfully changed project path to: C:/Users/Joseph/Desktop/Unity Projects/Honors-Project/Samples
C:/Users/Joseph/Desktop/Unity Projects/Honors-Project/Samples
Using Asset Import Pipeline V2.
Refreshing native plugins compatible for Editor in 67.65 ms, found 15 plugins.
Preloading 2 native plugins for Editor in 1.84 ms.
Initialize engine version: 2020.3.22f1 (e1a7f79fd887)
[Subsystems] Discovering subsystems at path C:/Program Files/Unity/Hub/Editor/2020.3.22f1/Editor/Data/Resources/UnitySubsystems
[Subsystems] Discovering subsystems at path C:/Users/Joseph/Desktop/Unity Projects/Honors-Project/Samples/Assets
GfxDevice: creating device client; threaded=0
Direct3D:
    Version:  Direct3D 11.0 [level 11.1]
    Renderer: NVIDIA GeForce GTX 1070 Ti (ID=0x1b82)
    Vendor:   
    VRAM:     8079 MB
    Driver:   27.21.14.6677
Initialize mono
Mono path[0] = 'C:/Program Files/Unity/Hub/Editor/2020.3.22f1/Editor/Data/Managed'
Mono path[1] = 'C:/Program Files/Unity/Hub/Editor/2020.3.22f1/Editor/Data/MonoBleedingEdge/lib/mono/unityjit'
Mono config path = 'C:/Program Files/Unity/Hub/Editor/2020.3.22f1/Editor/Data/MonoBleedingEdge/etc'
Using monoOptions --debugger-agent=transport=dt_socket,embedding=1,server=y,suspend=n,address=127.0.0.1:56292
Begin MonoManager ReloadAssembly
Registering precompiled unity dll's ...
Register platform support module: C:/Program Files/Unity/Hub/Editor/2020.3.22f1/Editor/Data/PlaybackEngines/WindowsStandaloneSupport/UnityEditor.WindowsStandalone.Extensions.dll
Registered in 0.002543 seconds.
Fallback handler could not load library C:/Program Files/Unity/Hub/Editor/2020.3.22f1/Editor/Data/Mono/lib/Assets/Omnicept/Glia/Plugins/advapi32.dll
Fallback handler could not load library C:/Program Files/Unity/Hub/Editor/2020.3.22f1/Editor/Data/Mono/lib/Assets/Omnicept/Glia/Plugins/advapi32.dll
Fallback handler could not load library C:/Program Files/Unity/Hub/Editor/2020.3.22f1/Editor/Data/Mono/lib/Assets/Omnicept/Glia/Plugins/advapi32.dll
Fallback handler could not load library C:/Program Files/Unity/Hub/Editor/2020.3.22f1/Editor/Data/Mono/lib/Assets/Omnicept/Glia/Plugins/advapi32
Fallback handler could not load library C:/Program Files/Unity/Hub/Editor/2020.3.22f1/Editor/Data/Mono/lib/Assets/Omnicept/Glia/Plugins/advapi32.dll
Fallback handler could not load library C:/Program Files/Unity/Hub/Editor/2020.3.22f1/Editor/Data/Mono/lib/Assets/Omnicept/Glia/Plugins/advapi32
Fallback handler could not load library C:/Program Files/Unity/Hub/Editor/2020.3.22f1/Editor/Data/Mono/lib/libAssets/Omnicept/Glia/Plugins/advapi32.dll
Fallback handler could not load library C:/Program Files/Unity/Hub/Editor/2020.3.22f1/Editor/Data/Mono/lib/libAssets/Omnicept/Glia/Plugins/advapi32.dll
Fallback handler could not load library C:/Program Files/Unity/Hub/Editor/2020.3.22f1/Editor/Data/Mono/lib/libAssets/Omnicept/Glia/Plugins/advapi32.dll
Fallback handler could not load library C:/Program Files/Unity/Hub/Editor/2020.3.22f1/Editor/Data/Mono/lib/Assets/Omnicept/Glia/Plugins/advapi32.dll
Fallback handler could not load library C:/Program Files/Unity/Hub/Editor/2020.3.22f1/Editor/Data/Mono/lib/Assets/Omnicept/Glia/Plugins/advapi32.dll
Fallback handler could not load library C:/Program Files/Unity/Hub/Editor/2020.3.22f1/Editor/Data/Mono/lib/Assets/Omnicept/Glia/Plugins/advapi32.dll
Fallback handler could not load library C:/Program Files/Unity/Hub/Editor/2020.3.22f1/Editor/Data/Mono/lib/Assets/Omnicept/Glia/Plugins/advapi32
Fallback handler could not load library C:/Program Files/Unity/Hub/Editor/2020.3.22f1/Editor/Data/Mono/lib/Assets/Omnicept/Glia/Plugins/advapi32.dll
Fallback handler could not load library C:/Program Files/Unity/Hub/Editor/2020.3.22f1/Editor/Data/Mono/lib/Assets/Omnicept/Glia/Plugins/advapi32
Fallback handler could not load library C:/Program Files/Unity/Hub/Editor/2020.3.22f1/Editor/Data/Mono/lib/libAssets/Omnicept/Glia/Plugins/advapi32.dll
Fallback handler could not load library C:/Program Files/Unity/Hub/Editor/2020.3.22f1/Editor/Data/Mono/lib/libAssets/Omnicept/Glia/Plugins/advapi32.dll
Fallback handler could not load library C:/Program Files/Unity/Hub/Editor/2020.3.22f1/Editor/Data/Mono/lib/libAssets/Omnicept/Glia/Plugins/advapi32.dll
Native extension for WindowsStandalone target not found
Refreshing native plugins compatible for Editor in 41.93 ms, found 15 plugins.
Preloading 2 native plugins for Editor in 0.20 ms.
Unable to find bridge dll in registry for Microsoft Visual Studio Tools for Unity for C:\Program Files (x86)\Microsoft Visual Studio\2017\Community\Common7\IDE\devenv.exe
Mono: successfully reloaded assembly
- Completed reload, in  2.098 seconds
Domain Reload Profiling:
	ReloadAssembly (2098ms)
		BeginReloadAssembly (59ms)
			ExecutionOrderSort (0ms)
			DisableScriptedObjects (0ms)
			BackupInstance (0ms)
			ReleaseScriptingObjects (0ms)
			CreateAndSetChildDomain (1ms)
		EndReloadAssembly (457ms)
			LoadAssemblies (56ms)
			RebuildTransferFunctionScriptingTraits (0ms)
			SetupTypeCache (131ms)
			ReleaseScriptCaches (0ms)
			RebuildScriptCaches (24ms)
			SetupLoadedEditorAssemblies (143ms)
				LogAssemblyErrors (0ms)
				InitializePlatformSupportModulesInManaged (4ms)
				SetLoadedEditorAssemblies (0ms)
				RefreshPlugins (42ms)
				BeforeProcessingInitializeOnLoad (11ms)
				ProcessInitializeOnLoadAttributes (65ms)
				ProcessInitializeOnLoadMethodAttributes (21ms)
				AfterProcessingInitializeOnLoad (0ms)
				EditorAssembliesLoaded (0ms)
			ExecutionOrderSort2 (0ms)
			AwakeInstancesAfterBackupRestoration (0ms)
Platform modules already initialized, skipping
Registering precompiled user dll's ...
Registered in 0.019611 seconds.
Begin MonoManager ReloadAssembly
Fallback handler could not load library C:/Program Files/Unity/Hub/Editor/2020.3.22f1/Editor/Data/Mono/lib/Assets/Omnicept/Glia/Plugins/advapi32.dll
Fallback handler could not load library C:/Program Files/Unity/Hub/Editor/2020.3.22f1/Editor/Data/Mono/lib/Assets/Omnicept/Glia/Plugins/advapi32.dll
Fallback handler could not load library C:/Program Files/Unity/Hub/Editor/2020.3.22f1/Editor/Data/Mono/lib/Assets/Omnicept/Glia/Plugins/advapi32.dll
Fallback handler could not load library C:/Program Files/Unity/Hub/Editor/2020.3.22f1/Editor/Data/Mono/lib/Assets/Omnicept/Glia/Plugins/advapi32
Fallback handler could not load library C:/Program Files/Unity/Hub/Editor/2020.3.22f1/Editor/Data/Mono/lib/Assets/Omnicept/Glia/Plugins/advapi32.dll
Fallback handler could not load library C:/Program Files/Unity/Hub/Editor/2020.3.22f1/Editor/Data/Mono/lib/Assets/Omnicept/Glia/Plugins/advapi32
Fallback handler could not load library C:/Program Files/Unity/Hub/Editor/2020.3.22f1/Editor/Data/Mono/lib/libAssets/Omnicept/Glia/Plugins/advapi32.dll
Fallback handler could not load library C:/Program Files/Unity/Hub/Editor/2020.3.22f1/Editor/Data/Mono/lib/libAssets/Omnicept/Glia/Plugins/advapi32.dll
Fallback handler could not load library C:/Program Files/Unity/Hub/Editor/2020.3.22f1/Editor/Data/Mono/lib/libAssets/Omnicept/Glia/Plugins/advapi32.dll
Native extension for WindowsStandalone target not found
Refreshing native plugins compatible for Editor in 41.79 ms, found 15 plugins.
Preloading 2 native plugins for Editor in 0.19 ms.
[XR] [Mixed Reality OpenXR Mesh]: RegisterLifecycleProvider.
[XR] [Mixed Reality OpenXR Input]: RegisterLifecycleProvider.
Added DLL directory C:\Users\Joseph\Desktop\Unity Projects\Honors-Project\Samples\Library\PackageCache\com.microsoft.mixedreality.input@0.9.2006\Plugins\Windows\x64 to the user search path.
UnityEngine.StackTraceUtility:ExtractStackTrace ()
UnityEngine.DebugLogHandler:LogFormat (UnityEngine.LogType,UnityEngine.Object,string,object[])
UnityEngine.Logger:Log (UnityEngine.LogType,object)
UnityEngine.Debug:Log (object)
Microsoft.MixedReality.Input.Init:.cctor () (at Library/PackageCache/com.microsoft.mixedreality.input@0.9.2006/Editor/Microsoft.MixedReality.Input.Init.cs:88)
System.Runtime.CompilerServices.RuntimeHelpers:RunClassConstructor (System.RuntimeTypeHandle)
UnityEditor.EditorAssemblies:ProcessInitializeOnLoadAttributes (System.Type[])

(Filename: Library/PackageCache/com.microsoft.mixedreality.input@0.9.2006/Editor/Microsoft.MixedReality.Input.Init.cs Line: 88)

Mono: successfully reloaded assembly
- Completed reload, in  1.164 seconds
Domain Reload Profiling:
	ReloadAssembly (1165ms)
		BeginReloadAssembly (133ms)
			ExecutionOrderSort (0ms)
			DisableScriptedObjects (3ms)
			BackupInstance (0ms)
			ReleaseScriptingObjects (0ms)
			CreateAndSetChildDomain (16ms)
		EndReloadAssembly (973ms)
			LoadAssemblies (99ms)
			RebuildTransferFunctionScriptingTraits (0ms)
			SetupTypeCache (235ms)
			ReleaseScriptCaches (0ms)
			RebuildScriptCaches (46ms)
			SetupLoadedEditorAssemblies (470ms)
				LogAssemblyErrors (0ms)
				InitializePlatformSupportModulesInManaged (3ms)
				SetLoadedEditorAssemblies (0ms)
				RefreshPlugins (42ms)
				BeforeProcessingInitializeOnLoad (93ms)
				ProcessInitializeOnLoadAttributes (314ms)
				ProcessInitializeOnLoadMethodAttributes (8ms)
				AfterProcessingInitializeOnLoad (8ms)
				EditorAssembliesLoaded (0ms)
			ExecutionOrderSort2 (0ms)
			AwakeInstancesAfterBackupRestoration (4ms)
Platform modules already initialized, skipping
========================================================================
Worker process is ready to serve import requests
Launched and connected shader compiler UnityShaderCompiler.exe after 0.06 seconds
Refreshing native plugins compatible for Editor in 0.88 ms, found 15 plugins.
Preloading 2 native plugins for Editor in 0.15 ms.
Unloading 2689 Unused Serialized files (Serialized files now loaded: 0)
System memory in use before: 116.4 MB.
System memory in use after: 116.6 MB.

Unloading 47 unused Assets to reduce memory usage. Loaded Objects now: 3168.
Total: 2.823400 ms (FindLiveObjects: 0.209900 ms CreateObjectMapping: 0.103300 ms MarkObjects: 2.423200 ms  DeleteObjects: 0.086300 ms)

AssetImportParameters requested are different than current active one (requested -> active):
  custom:framework-win-MediaFoundation: 216162199b28c13a410421893ffa2e32 -> 
  custom:video-decoder-ogg-theora: a1e56fd34408186e4bbccfd4996cb3dc -> 
  custom:container-muxer-webm: aa71ff27fc2769a1b78a27578f13a17b -> 
  custom:container-demuxer-webm: 4f35f7cbe854078d1ac9338744f61a02 -> 
  custom:container-demuxer-ogg: 62fdf1f143b41e24485cea50d1cbac27 -> 
  custom:video-encoder-webm-vp8: eb34c28f22e8b96e1ab97ce403110664 -> 
  custom:video-decoder-webm-vp8: 9c59270c3fd7afecdb556c50c9e8de78 -> 
  custom:audio-decoder-ogg-vorbis: bf7c407c2cedff20999df2af8eb42d56 -> 
  custom:audio-encoder-webm-vorbis: bf7c407c2cedff20999df2af8eb42d56 -> 
========================================================================
Received Import Request.
  path: Assets/Assets.index
  artifactKey: Guid(32cf833c883557a4da641a559e409589) Importer(815301076,1909f56bfc062723c751e8b465ee728b)
Start importing Assets/Assets.index using Guid(32cf833c883557a4da641a559e409589) Importer(815301076,1909f56bfc062723c751e8b465ee728b)  -> (artifact id: '66d4638aa515fda1871d845dc89f67cc') in 0.066044 seconds 
  Import took 0.069251 seconds .

========================================================================
Received Prepare
Registering precompiled user dll's ...
Registered in 0.020560 seconds.
Begin MonoManager ReloadAssembly
Native extension for WindowsStandalone target not found
Refreshing native plugins compatible for Editor in 0.72 ms, found 15 plugins.
Preloading 2 native plugins for Editor in 0.17 ms.
Added DLL directory C:\Users\Joseph\Desktop\Unity Projects\Honors-Project\Samples\Library\PackageCache\com.microsoft.mixedreality.input@0.9.2006\Plugins\Windows\x64 to the user search path.
UnityEngine.StackTraceUtility:ExtractStackTrace ()
UnityEngine.DebugLogHandler:LogFormat (UnityEngine.LogType,UnityEngine.Object,string,object[])
UnityEngine.Logger:Log (UnityEngine.LogType,object)
UnityEngine.Debug:Log (object)
Microsoft.MixedReality.Input.Init:.cctor () (at Library/PackageCache/com.microsoft.mixedreality.input@0.9.2006/Editor/Microsoft.MixedReality.Input.Init.cs:88)
System.Runtime.CompilerServices.RuntimeHelpers:RunClassConstructor (System.RuntimeTypeHandle)
UnityEditor.EditorAssemblies:ProcessInitializeOnLoadAttributes (System.Type[])

(Filename: Library/PackageCache/com.microsoft.mixedreality.input@0.9.2006/Editor/Microsoft.MixedReality.Input.Init.cs Line: 88)

Fallback handler could not load library C:/Program Files/Unity/Hub/Editor/2020.3.22f1/Editor/Data/Mono/lib/Assets/Omnicept/Glia/Plugins/advapi32.dll
Fallback handler could not load library C:/Program Files/Unity/Hub/Editor/2020.3.22f1/Editor/Data/Mono/lib/Assets/Omnicept/Glia/Plugins/advapi32.dll
Fallback handler could not load library C:/Program Files/Unity/Hub/Editor/2020.3.22f1/Editor/Data/Mono/lib/Assets/Omnicept/Glia/Plugins/advapi32.dll
Fallback handler could not load library C:/Program Files/Unity/Hub/Editor/2020.3.22f1/Editor/Data/Mono/lib/Assets/Omnicept/Glia/Plugins/advapi32
Fallback handler could not load library C:/Program Files/Unity/Hub/Editor/2020.3.22f1/Editor/Data/Mono/lib/Assets/Omnicept/Glia/Plugins/advapi32.dll
Fallback handler could not load library C:/Program Files/Unity/Hub/Editor/2020.3.22f1/Editor/Data/Mono/lib/Assets/Omnicept/Glia/Plugins/advapi32
Fallback handler could not load library C:/Program Files/Unity/Hub/Editor/2020.3.22f1/Editor/Data/Mono/lib/libAssets/Omnicept/Glia/Plugins/advapi32.dll
Fallback handler could not load library C:/Program Files/Unity/Hub/Editor/2020.3.22f1/Editor/Data/Mono/lib/libAssets/Omnicept/Glia/Plugins/advapi32.dll
Fallback handler could not load library C:/Program Files/Unity/Hub/Editor/2020.3.22f1/Editor/Data/Mono/lib/libAssets/Omnicept/Glia/Plugins/advapi32.dll
Mono: successfully reloaded assembly
- Completed reload, in  1.217 seconds
Domain Reload Profiling:
	ReloadAssembly (1217ms)
		BeginReloadAssembly (112ms)
			ExecutionOrderSort (0ms)
			DisableScriptedObjects (3ms)
			BackupInstance (0ms)
			ReleaseScriptingObjects (0ms)
			CreateAndSetChildDomain (26ms)
		EndReloadAssembly (1017ms)
			LoadAssemblies (106ms)
			RebuildTransferFunctionScriptingTraits (0ms)
			SetupTypeCache (292ms)
			ReleaseScriptCaches (1ms)
			RebuildScriptCaches (35ms)
			SetupLoadedEditorAssemblies (458ms)
				LogAssemblyErrors (0ms)
				InitializePlatformSupportModulesInManaged (4ms)
				SetLoadedEditorAssemblies (1ms)
				RefreshPlugins (1ms)
				BeforeProcessingInitializeOnLoad (93ms)
				ProcessInitializeOnLoadAttributes (341ms)
				ProcessInitializeOnLoadMethodAttributes (9ms)
				AfterProcessingInitializeOnLoad (8ms)
				EditorAssembliesLoaded (0ms)
			ExecutionOrderSort2 (0ms)
			AwakeInstancesAfterBackupRestoration (6ms)
Platform modules already initialized, skipping
Refreshing native plugins compatible for Editor in 0.72 ms, found 15 plugins.
Preloading 2 native plugins for Editor in 0.15 ms.
Unloading 2613 Unused Serialized files (Serialized files now loaded: 0)
System memory in use before: 111.9 MB.
System memory in use after: 112.1 MB.

Unloading 40 unused Assets to reduce memory usage. Loaded Objects now: 3171.
Total: 3.264500 ms (FindLiveObjects: 0.311000 ms CreateObjectMapping: 0.134800 ms MarkObjects: 2.740300 ms  DeleteObjects: 0.077300 ms)

AssetImportParameters requested are different than current active one (requested -> active):
  custom:framework-win-MediaFoundation: 216162199b28c13a410421893ffa2e32 -> 
  custom:video-decoder-ogg-theora: a1e56fd34408186e4bbccfd4996cb3dc -> 
  custom:container-muxer-webm: aa71ff27fc2769a1b78a27578f13a17b -> 
  custom:container-demuxer-webm: 4f35f7cbe854078d1ac9338744f61a02 -> 
  custom:container-demuxer-ogg: 62fdf1f143b41e24485cea50d1cbac27 -> 
  custom:video-encoder-webm-vp8: eb34c28f22e8b96e1ab97ce403110664 -> 
  custom:video-decoder-webm-vp8: 9c59270c3fd7afecdb556c50c9e8de78 -> 
  custom:audio-decoder-ogg-vorbis: bf7c407c2cedff20999df2af8eb42d56 -> 
  custom:audio-encoder-webm-vorbis: bf7c407c2cedff20999df2af8eb42d56 -> 
========================================================================
Received Prepare
Registering precompiled user dll's ...
Registered in 0.020130 seconds.
Begin MonoManager ReloadAssembly
Native extension for WindowsStandalone target not found
Refreshing native plugins compatible for Editor in 0.74 ms, found 15 plugins.
Preloading 2 native plugins for Editor in 0.16 ms.
Added DLL directory C:\Users\Joseph\Desktop\Unity Projects\Honors-Project\Samples\Library\PackageCache\com.microsoft.mixedreality.input@0.9.2006\Plugins\Windows\x64 to the user search path.
UnityEngine.StackTraceUtility:ExtractStackTrace ()
UnityEngine.DebugLogHandler:LogFormat (UnityEngine.LogType,UnityEngine.Object,string,object[])
UnityEngine.Logger:Log (UnityEngine.LogType,object)
UnityEngine.Debug:Log (object)
Microsoft.MixedReality.Input.Init:.cctor () (at Library/PackageCache/com.microsoft.mixedreality.input@0.9.2006/Editor/Microsoft.MixedReality.Input.Init.cs:88)
System.Runtime.CompilerServices.RuntimeHelpers:RunClassConstructor (System.RuntimeTypeHandle)
UnityEditor.EditorAssemblies:ProcessInitializeOnLoadAttributes (System.Type[])

(Filename: Library/PackageCache/com.microsoft.mixedreality.input@0.9.2006/Editor/Microsoft.MixedReality.Input.Init.cs Line: 88)

Fallback handler could not load library C:/Program Files/Unity/Hub/Editor/2020.3.22f1/Editor/Data/Mono/lib/Assets/Omnicept/Glia/Plugins/advapi32.dll
Fallback handler could not load library C:/Program Files/Unity/Hub/Editor/2020.3.22f1/Editor/Data/Mono/lib/Assets/Omnicept/Glia/Plugins/advapi32.dll
Fallback handler could not load library C:/Program Files/Unity/Hub/Editor/2020.3.22f1/Editor/Data/Mono/lib/Assets/Omnicept/Glia/Plugins/advapi32.dll
Fallback handler could not load library C:/Program Files/Unity/Hub/Editor/2020.3.22f1/Editor/Data/Mono/lib/Assets/Omnicept/Glia/Plugins/advapi32
Fallback handler could not load library C:/Program Files/Unity/Hub/Editor/2020.3.22f1/Editor/Data/Mono/lib/Assets/Omnicept/Glia/Plugins/advapi32.dll
Fallback handler could not load library C:/Program Files/Unity/Hub/Editor/2020.3.22f1/Editor/Data/Mono/lib/Assets/Omnicept/Glia/Plugins/advapi32
Fallback handler could not load library C:/Program Files/Unity/Hub/Editor/2020.3.22f1/Editor/Data/Mono/lib/libAssets/Omnicept/Glia/Plugins/advapi32.dll
Fallback handler could not load library C:/Program Files/Unity/Hub/Editor/2020.3.22f1/Editor/Data/Mono/lib/libAssets/Omnicept/Glia/Plugins/advapi32.dll
Fallback handler could not load library C:/Program Files/Unity/Hub/Editor/2020.3.22f1/Editor/Data/Mono/lib/libAssets/Omnicept/Glia/Plugins/advapi32.dll
Mono: successfully reloaded assembly
- Completed reload, in  1.167 seconds
Domain Reload Profiling:
	ReloadAssembly (1167ms)
		BeginReloadAssembly (134ms)
			ExecutionOrderSort (0ms)
			DisableScriptedObjects (6ms)
			BackupInstance (0ms)
			ReleaseScriptingObjects (0ms)
			CreateAndSetChildDomain (28ms)
		EndReloadAssembly (954ms)
			LoadAssemblies (109ms)
			RebuildTransferFunctionScriptingTraits (0ms)
			SetupTypeCache (259ms)
			ReleaseScriptCaches (1ms)
			RebuildScriptCaches (35ms)
			SetupLoadedEditorAssemblies (421ms)
				LogAssemblyErrors (0ms)
				InitializePlatformSupportModulesInManaged (4ms)
				SetLoadedEditorAssemblies (0ms)
				RefreshPlugins (1ms)
				BeforeProcessingInitializeOnLoad (90ms)
				ProcessInitializeOnLoadAttributes (309ms)
				ProcessInitializeOnLoadMethodAttributes (9ms)
				AfterProcessingInitializeOnLoad (9ms)
				EditorAssembliesLoaded (0ms)
			ExecutionOrderSort2 (0ms)
			AwakeInstancesAfterBackupRestoration (9ms)
Platform modules already initialized, skipping
Refreshing native plugins compatible for Editor in 0.72 ms, found 15 plugins.
Preloading 2 native plugins for Editor in 0.14 ms.
Unloading 2613 Unused Serialized files (Serialized files now loaded: 0)
System memory in use before: 112.0 MB.
System memory in use after: 112.1 MB.

Unloading 40 unused Assets to reduce memory usage. Loaded Objects now: 3174.
Total: 3.135000 ms (FindLiveObjects: 0.243700 ms CreateObjectMapping: 0.100700 ms MarkObjects: 2.719100 ms  DeleteObjects: 0.070700 ms)

AssetImportParameters requested are different than current active one (requested -> active):
  custom:framework-win-MediaFoundation: 216162199b28c13a410421893ffa2e32 -> 
  custom:video-decoder-ogg-theora: a1e56fd34408186e4bbccfd4996cb3dc -> 
  custom:container-muxer-webm: aa71ff27fc2769a1b78a27578f13a17b -> 
  custom:container-demuxer-webm: 4f35f7cbe854078d1ac9338744f61a02 -> 
  custom:container-demuxer-ogg: 62fdf1f143b41e24485cea50d1cbac27 -> 
  custom:video-encoder-webm-vp8: eb34c28f22e8b96e1ab97ce403110664 -> 
  custom:video-decoder-webm-vp8: 9c59270c3fd7afecdb556c50c9e8de78 -> 
  custom:audio-decoder-ogg-vorbis: bf7c407c2cedff20999df2af8eb42d56 -> 
  custom:audio-encoder-webm-vorbis: bf7c407c2cedff20999df2af8eb42d56 -> 
========================================================================
Received Prepare
Registering precompiled user dll's ...
Registered in 0.022448 seconds.
Begin MonoManager ReloadAssembly
Native extension for WindowsStandalone target not found
Refreshing native plugins compatible for Editor in 0.95 ms, found 15 plugins.
Preloading 2 native plugins for Editor in 0.29 ms.
Added DLL directory C:\Users\Joseph\Desktop\Unity Projects\Honors-Project\Samples\Library\PackageCache\com.microsoft.mixedreality.input@0.9.2006\Plugins\Windows\x64 to the user search path.
UnityEngine.StackTraceUtility:ExtractStackTrace ()
UnityEngine.DebugLogHandler:LogFormat (UnityEngine.LogType,UnityEngine.Object,string,object[])
UnityEngine.Logger:Log (UnityEngine.LogType,object)
UnityEngine.Debug:Log (object)
Microsoft.MixedReality.Input.Init:.cctor () (at Library/PackageCache/com.microsoft.mixedreality.input@0.9.2006/Editor/Microsoft.MixedReality.Input.Init.cs:88)
System.Runtime.CompilerServices.RuntimeHelpers:RunClassConstructor (System.RuntimeTypeHandle)
UnityEditor.EditorAssemblies:ProcessInitializeOnLoadAttributes (System.Type[])

(Filename: Library/PackageCache/com.microsoft.mixedreality.input@0.9.2006/Editor/Microsoft.MixedReality.Input.Init.cs Line: 88)

Fallback handler could not load library C:/Program Files/Unity/Hub/Editor/2020.3.22f1/Editor/Data/Mono/lib/Assets/Omnicept/Glia/Plugins/advapi32.dll
Fallback handler could not load library C:/Program Files/Unity/Hub/Editor/2020.3.22f1/Editor/Data/Mono/lib/Assets/Omnicept/Glia/Plugins/advapi32.dll
Fallback handler could not load library C:/Program Files/Unity/Hub/Editor/2020.3.22f1/Editor/Data/Mono/lib/Assets/Omnicept/Glia/Plugins/advapi32.dll
Fallback handler could not load library C:/Program Files/Unity/Hub/Editor/2020.3.22f1/Editor/Data/Mono/lib/Assets/Omnicept/Glia/Plugins/advapi32
Fallback handler could not load library C:/Program Files/Unity/Hub/Editor/2020.3.22f1/Editor/Data/Mono/lib/Assets/Omnicept/Glia/Plugins/advapi32.dll
Fallback handler could not load library C:/Program Files/Unity/Hub/Editor/2020.3.22f1/Editor/Data/Mono/lib/Assets/Omnicept/Glia/Plugins/advapi32
Fallback handler could not load library C:/Program Files/Unity/Hub/Editor/2020.3.22f1/Editor/Data/Mono/lib/libAssets/Omnicept/Glia/Plugins/advapi32.dll
Fallback handler could not load library C:/Program Files/Unity/Hub/Editor/2020.3.22f1/Editor/Data/Mono/lib/libAssets/Omnicept/Glia/Plugins/advapi32.dll
Fallback handler could not load library C:/Program Files/Unity/Hub/Editor/2020.3.22f1/Editor/Data/Mono/lib/libAssets/Omnicept/Glia/Plugins/advapi32.dll
Mono: successfully reloaded assembly
- Completed reload, in  1.386 seconds
Domain Reload Profiling:
	ReloadAssembly (1386ms)
		BeginReloadAssembly (126ms)
			ExecutionOrderSort (0ms)
			DisableScriptedObjects (3ms)
			BackupInstance (0ms)
			ReleaseScriptingObjects (0ms)
			CreateAndSetChildDomain (28ms)
		EndReloadAssembly (1176ms)
			LoadAssemblies (119ms)
			RebuildTransferFunctionScriptingTraits (0ms)
			SetupTypeCache (373ms)
			ReleaseScriptCaches (1ms)
			RebuildScriptCaches (37ms)
			SetupLoadedEditorAssemblies (492ms)
				LogAssemblyErrors (0ms)
				InitializePlatformSupportModulesInManaged (5ms)
				SetLoadedEditorAssemblies (0ms)
				RefreshPlugins (1ms)
				BeforeProcessingInitializeOnLoad (111ms)
				ProcessInitializeOnLoadAttributes (355ms)
				ProcessInitializeOnLoadMethodAttributes (8ms)
				AfterProcessingInitializeOnLoad (10ms)
				EditorAssembliesLoaded (0ms)
			ExecutionOrderSort2 (0ms)
			AwakeInstancesAfterBackupRestoration (7ms)
Platform modules already initialized, skipping
Refreshing native plugins compatible for Editor in 1.30 ms, found 15 plugins.
Preloading 2 native plugins for Editor in 0.16 ms.
Unloading 2613 Unused Serialized files (Serialized files now loaded: 0)
System memory in use before: 112.0 MB.
System memory in use after: 112.2 MB.

Unloading 40 unused Assets to reduce memory usage. Loaded Objects now: 3177.
Total: 2.950600 ms (FindLiveObjects: 0.223600 ms CreateObjectMapping: 0.115100 ms MarkObjects: 2.536700 ms  DeleteObjects: 0.074100 ms)

AssetImportParameters requested are different than current active one (requested -> active):
  custom:framework-win-MediaFoundation: 216162199b28c13a410421893ffa2e32 -> 
  custom:video-decoder-ogg-theora: a1e56fd34408186e4bbccfd4996cb3dc -> 
  custom:container-muxer-webm: aa71ff27fc2769a1b78a27578f13a17b -> 
  custom:container-demuxer-webm: 4f35f7cbe854078d1ac9338744f61a02 -> 
  custom:container-demuxer-ogg: 62fdf1f143b41e24485cea50d1cbac27 -> 
  custom:video-encoder-webm-vp8: eb34c28f22e8b96e1ab97ce403110664 -> 
  custom:video-decoder-webm-vp8: 9c59270c3fd7afecdb556c50c9e8de78 -> 
  custom:audio-decoder-ogg-vorbis: bf7c407c2cedff20999df2af8eb42d56 -> 
  custom:audio-encoder-webm-vorbis: bf7c407c2cedff20999df2af8eb42d56 -> 
========================================================================
Received Prepare
Registering precompiled user dll's ...
Registered in 0.025502 seconds.
Begin MonoManager ReloadAssembly
Native extension for WindowsStandalone target not found
Refreshing native plugins compatible for Editor in 0.96 ms, found 15 plugins.
Preloading 2 native plugins for Editor in 0.16 ms.
Added DLL directory C:\Users\Joseph\Desktop\Unity Projects\Honors-Project\Samples\Library\PackageCache\com.microsoft.mixedreality.input@0.9.2006\Plugins\Windows\x64 to the user search path.
UnityEngine.StackTraceUtility:ExtractStackTrace ()
UnityEngine.DebugLogHandler:LogFormat (UnityEngine.LogType,UnityEngine.Object,string,object[])
UnityEngine.Logger:Log (UnityEngine.LogType,object)
UnityEngine.Debug:Log (object)
Microsoft.MixedReality.Input.Init:.cctor () (at Library/PackageCache/com.microsoft.mixedreality.input@0.9.2006/Editor/Microsoft.MixedReality.Input.Init.cs:88)
System.Runtime.CompilerServices.RuntimeHelpers:RunClassConstructor (System.RuntimeTypeHandle)
UnityEditor.EditorAssemblies:ProcessInitializeOnLoadAttributes (System.Type[])

(Filename: Library/PackageCache/com.microsoft.mixedreality.input@0.9.2006/Editor/Microsoft.MixedReality.Input.Init.cs Line: 88)

Fallback handler could not load library C:/Program Files/Unity/Hub/Editor/2020.3.22f1/Editor/Data/Mono/lib/Assets/Omnicept/Glia/Plugins/advapi32.dll
Fallback handler could not load library C:/Program Files/Unity/Hub/Editor/2020.3.22f1/Editor/Data/Mono/lib/Assets/Omnicept/Glia/Plugins/advapi32.dll
Fallback handler could not load library C:/Program Files/Unity/Hub/Editor/2020.3.22f1/Editor/Data/Mono/lib/Assets/Omnicept/Glia/Plugins/advapi32.dll
Fallback handler could not load library C:/Program Files/Unity/Hub/Editor/2020.3.22f1/Editor/Data/Mono/lib/Assets/Omnicept/Glia/Plugins/advapi32
Fallback handler could not load library C:/Program Files/Unity/Hub/Editor/2020.3.22f1/Editor/Data/Mono/lib/Assets/Omnicept/Glia/Plugins/advapi32.dll
Fallback handler could not load library C:/Program Files/Unity/Hub/Editor/2020.3.22f1/Editor/Data/Mono/lib/Assets/Omnicept/Glia/Plugins/advapi32
Fallback handler could not load library C:/Program Files/Unity/Hub/Editor/2020.3.22f1/Editor/Data/Mono/lib/libAssets/Omnicept/Glia/Plugins/advapi32.dll
Fallback handler could not load library C:/Program Files/Unity/Hub/Editor/2020.3.22f1/Editor/Data/Mono/lib/libAssets/Omnicept/Glia/Plugins/advapi32.dll
Fallback handler could not load library C:/Program Files/Unity/Hub/Editor/2020.3.22f1/Editor/Data/Mono/lib/libAssets/Omnicept/Glia/Plugins/advapi32.dll
Mono: successfully reloaded assembly
- Completed reload, in  1.623 seconds
Domain Reload Profiling:
	ReloadAssembly (1624ms)
		BeginReloadAssembly (149ms)
			ExecutionOrderSort (0ms)
			DisableScriptedObjects (6ms)
			BackupInstance (0ms)
			ReleaseScriptingObjects (0ms)
			CreateAndSetChildDomain (31ms)
		EndReloadAssembly (1377ms)
			LoadAssemblies (143ms)
			RebuildTransferFunctionScriptingTraits (0ms)
			SetupTypeCache (405ms)
			ReleaseScriptCaches (1ms)
			RebuildScriptCaches (60ms)
			SetupLoadedEditorAssemblies (577ms)
				LogAssemblyErrors (0ms)
				InitializePlatformSupportModulesInManaged (5ms)
				SetLoadedEditorAssemblies (0ms)
				RefreshPlugins (1ms)
				BeforeProcessingInitializeOnLoad (124ms)
				ProcessInitializeOnLoadAttributes (424ms)
				ProcessInitializeOnLoadMethodAttributes (11ms)
				AfterProcessingInitializeOnLoad (11ms)
				EditorAssembliesLoaded (0ms)
			ExecutionOrderSort2 (0ms)
			AwakeInstancesAfterBackupRestoration (10ms)
Platform modules already initialized, skipping
Refreshing native plugins compatible for Editor in 0.78 ms, found 15 plugins.
Preloading 2 native plugins for Editor in 0.15 ms.
Unloading 2613 Unused Serialized files (Serialized files now loaded: 0)
System memory in use before: 112.0 MB.
System memory in use after: 112.2 MB.

Unloading 40 unused Assets to reduce memory usage. Loaded Objects now: 3180.
Total: 3.801300 ms (FindLiveObjects: 0.408800 ms CreateObjectMapping: 0.156300 ms MarkObjects: 3.169100 ms  DeleteObjects: 0.065800 ms)

AssetImportParameters requested are different than current active one (requested -> active):
  custom:framework-win-MediaFoundation: 216162199b28c13a410421893ffa2e32 -> 
  custom:video-decoder-ogg-theora: a1e56fd34408186e4bbccfd4996cb3dc -> 
  custom:container-muxer-webm: aa71ff27fc2769a1b78a27578f13a17b -> 
  custom:container-demuxer-webm: 4f35f7cbe854078d1ac9338744f61a02 -> 
  custom:container-demuxer-ogg: 62fdf1f143b41e24485cea50d1cbac27 -> 
  custom:video-encoder-webm-vp8: eb34c28f22e8b96e1ab97ce403110664 -> 
  custom:video-decoder-webm-vp8: 9c59270c3fd7afecdb556c50c9e8de78 -> 
  custom:audio-decoder-ogg-vorbis: bf7c407c2cedff20999df2af8eb42d56 -> 
  custom:audio-encoder-webm-vorbis: bf7c407c2cedff20999df2af8eb42d56 -> 
========================================================================
Received Prepare
Registering precompiled user dll's ...
Registered in 0.020787 seconds.
Begin MonoManager ReloadAssembly
Native extension for WindowsStandalone target not found
Refreshing native plugins compatible for Editor in 0.80 ms, found 15 plugins.
Preloading 2 native plugins for Editor in 0.17 ms.
Added DLL directory C:\Users\Joseph\Desktop\Unity Projects\Honors-Project\Samples\Library\PackageCache\com.microsoft.mixedreality.input@0.9.2006\Plugins\Windows\x64 to the user search path.
UnityEngine.StackTraceUtility:ExtractStackTrace ()
UnityEngine.DebugLogHandler:LogFormat (UnityEngine.LogType,UnityEngine.Object,string,object[])
UnityEngine.Logger:Log (UnityEngine.LogType,object)
UnityEngine.Debug:Log (object)
Microsoft.MixedReality.Input.Init:.cctor () (at Library/PackageCache/com.microsoft.mixedreality.input@0.9.2006/Editor/Microsoft.MixedReality.Input.Init.cs:88)
System.Runtime.CompilerServices.RuntimeHelpers:RunClassConstructor (System.RuntimeTypeHandle)
UnityEditor.EditorAssemblies:ProcessInitializeOnLoadAttributes (System.Type[])

(Filename: Library/PackageCache/com.microsoft.mixedreality.input@0.9.2006/Editor/Microsoft.MixedReality.Input.Init.cs Line: 88)

Fallback handler could not load library C:/Program Files/Unity/Hub/Editor/2020.3.22f1/Editor/Data/Mono/lib/Assets/Omnicept/Glia/Plugins/advapi32.dll
Fallback handler could not load library C:/Program Files/Unity/Hub/Editor/2020.3.22f1/Editor/Data/Mono/lib/Assets/Omnicept/Glia/Plugins/advapi32.dll
Fallback handler could not load library C:/Program Files/Unity/Hub/Editor/2020.3.22f1/Editor/Data/Mono/lib/Assets/Omnicept/Glia/Plugins/advapi32.dll
Fallback handler could not load library C:/Program Files/Unity/Hub/Editor/2020.3.22f1/Editor/Data/Mono/lib/Assets/Omnicept/Glia/Plugins/advapi32
Fallback handler could not load library C:/Program Files/Unity/Hub/Editor/2020.3.22f1/Editor/Data/Mono/lib/Assets/Omnicept/Glia/Plugins/advapi32.dll
Fallback handler could not load library C:/Program Files/Unity/Hub/Editor/2020.3.22f1/Editor/Data/Mono/lib/Assets/Omnicept/Glia/Plugins/advapi32
Fallback handler could not load library C:/Program Files/Unity/Hub/Editor/2020.3.22f1/Editor/Data/Mono/lib/libAssets/Omnicept/Glia/Plugins/advapi32.dll
Fallback handler could not load library C:/Program Files/Unity/Hub/Editor/2020.3.22f1/Editor/Data/Mono/lib/libAssets/Omnicept/Glia/Plugins/advapi32.dll
Fallback handler could not load library C:/Program Files/Unity/Hub/Editor/2020.3.22f1/Editor/Data/Mono/lib/libAssets/Omnicept/Glia/Plugins/advapi32.dll
Mono: successfully reloaded assembly
- Completed reload, in  1.137 seconds
Domain Reload Profiling:
	ReloadAssembly (1138ms)
		BeginReloadAssembly (107ms)
			ExecutionOrderSort (0ms)
			DisableScriptedObjects (5ms)
			BackupInstance (0ms)
			ReleaseScriptingObjects (0ms)
			CreateAndSetChildDomain (23ms)
		EndReloadAssembly (968ms)
			LoadAssemblies (102ms)
			RebuildTransferFunctionScriptingTraits (0ms)
			SetupTypeCache (240ms)
			ReleaseScriptCaches (1ms)
			RebuildScriptCaches (35ms)
			SetupLoadedEditorAssemblies (446ms)
				LogAssemblyErrors (0ms)
				InitializePlatformSupportModulesInManaged (4ms)
				SetLoadedEditorAssemblies (0ms)
				RefreshPlugins (1ms)
				BeforeProcessingInitializeOnLoad (102ms)
				ProcessInitializeOnLoadAttributes (322ms)
				ProcessInitializeOnLoadMethodAttributes (8ms)
				AfterProcessingInitializeOnLoad (9ms)
				EditorAssembliesLoaded (0ms)
			ExecutionOrderSort2 (0ms)
			AwakeInstancesAfterBackupRestoration (6ms)
Platform modules already initialized, skipping
Refreshing native plugins compatible for Editor in 0.72 ms, found 15 plugins.
Preloading 2 native plugins for Editor in 0.14 ms.
Unloading 2613 Unused Serialized files (Serialized files now loaded: 0)
System memory in use before: 112.0 MB.
System memory in use after: 112.2 MB.

Unloading 40 unused Assets to reduce memory usage. Loaded Objects now: 3183.
Total: 2.902600 ms (FindLiveObjects: 0.219100 ms CreateObjectMapping: 0.116600 ms MarkObjects: 2.501900 ms  DeleteObjects: 0.064400 ms)

AssetImportParameters requested are different than current active one (requested -> active):
  custom:framework-win-MediaFoundation: 216162199b28c13a410421893ffa2e32 -> 
  custom:video-decoder-ogg-theora: a1e56fd34408186e4bbccfd4996cb3dc -> 
  custom:container-muxer-webm: aa71ff27fc2769a1b78a27578f13a17b -> 
  custom:container-demuxer-webm: 4f35f7cbe854078d1ac9338744f61a02 -> 
  custom:container-demuxer-ogg: 62fdf1f143b41e24485cea50d1cbac27 -> 
  custom:video-encoder-webm-vp8: eb34c28f22e8b96e1ab97ce403110664 -> 
  custom:video-decoder-webm-vp8: 9c59270c3fd7afecdb556c50c9e8de78 -> 
  custom:audio-decoder-ogg-vorbis: bf7c407c2cedff20999df2af8eb42d56 -> 
  custom:audio-encoder-webm-vorbis: bf7c407c2cedff20999df2af8eb42d56 -> 
========================================================================
Received Prepare
Registering precompiled user dll's ...
Registered in 0.020700 seconds.
Begin MonoManager ReloadAssembly
Native extension for WindowsStandalone target not found
Refreshing native plugins compatible for Editor in 0.80 ms, found 15 plugins.
Preloading 2 native plugins for Editor in 0.20 ms.
Added DLL directory C:\Users\Joseph\Desktop\Unity Projects\Honors-Project\Samples\Library\PackageCache\com.microsoft.mixedreality.input@0.9.2006\Plugins\Windows\x64 to the user search path.
UnityEngine.StackTraceUtility:ExtractStackTrace ()
UnityEngine.DebugLogHandler:LogFormat (UnityEngine.LogType,UnityEngine.Object,string,object[])
UnityEngine.Logger:Log (UnityEngine.LogType,object)
UnityEngine.Debug:Log (object)
Microsoft.MixedReality.Input.Init:.cctor () (at Library/PackageCache/com.microsoft.mixedreality.input@0.9.2006/Editor/Microsoft.MixedReality.Input.Init.cs:88)
System.Runtime.CompilerServices.RuntimeHelpers:RunClassConstructor (System.RuntimeTypeHandle)
UnityEditor.EditorAssemblies:ProcessInitializeOnLoadAttributes (System.Type[])

(Filename: Library/PackageCache/com.microsoft.mixedreality.input@0.9.2006/Editor/Microsoft.MixedReality.Input.Init.cs Line: 88)

Fallback handler could not load library C:/Program Files/Unity/Hub/Editor/2020.3.22f1/Editor/Data/Mono/lib/Assets/Omnicept/Glia/Plugins/advapi32.dll
Fallback handler could not load library C:/Program Files/Unity/Hub/Editor/2020.3.22f1/Editor/Data/Mono/lib/Assets/Omnicept/Glia/Plugins/advapi32.dll
Fallback handler could not load library C:/Program Files/Unity/Hub/Editor/2020.3.22f1/Editor/Data/Mono/lib/Assets/Omnicept/Glia/Plugins/advapi32.dll
Fallback handler could not load library C:/Program Files/Unity/Hub/Editor/2020.3.22f1/Editor/Data/Mono/lib/Assets/Omnicept/Glia/Plugins/advapi32
Fallback handler could not load library C:/Program Files/Unity/Hub/Editor/2020.3.22f1/Editor/Data/Mono/lib/Assets/Omnicept/Glia/Plugins/advapi32.dll
Fallback handler could not load library C:/Program Files/Unity/Hub/Editor/2020.3.22f1/Editor/Data/Mono/lib/Assets/Omnicept/Glia/Plugins/advapi32
Fallback handler could not load library C:/Program Files/Unity/Hub/Editor/2020.3.22f1/Editor/Data/Mono/lib/libAssets/Omnicept/Glia/Plugins/advapi32.dll
Fallback handler could not load library C:/Program Files/Unity/Hub/Editor/2020.3.22f1/Editor/Data/Mono/lib/libAssets/Omnicept/Glia/Plugins/advapi32.dll
Fallback handler could not load library C:/Program Files/Unity/Hub/Editor/2020.3.22f1/Editor/Data/Mono/lib/libAssets/Omnicept/Glia/Plugins/advapi32.dll
Mono: successfully reloaded assembly
- Completed reload, in  1.175 seconds
Domain Reload Profiling:
	ReloadAssembly (1175ms)
		BeginReloadAssembly (117ms)
			ExecutionOrderSort (0ms)
			DisableScriptedObjects (3ms)
			BackupInstance (0ms)
			ReleaseScriptingObjects (0ms)
			CreateAndSetChildDomain (28ms)
		EndReloadAssembly (996ms)
			LoadAssemblies (104ms)
			RebuildTransferFunctionScriptingTraits (0ms)
			SetupTypeCache (250ms)
			ReleaseScriptCaches (1ms)
			RebuildScriptCaches (35ms)
			SetupLoadedEditorAssemblies (485ms)
				LogAssemblyErrors (0ms)
				InitializePlatformSupportModulesInManaged (4ms)
				SetLoadedEditorAssemblies (0ms)
				RefreshPlugins (1ms)
				BeforeProcessingInitializeOnLoad (94ms)
				ProcessInitializeOnLoadAttributes (368ms)
				ProcessInitializeOnLoadMethodAttributes (9ms)
				AfterProcessingInitializeOnLoad (8ms)
				EditorAssembliesLoaded (0ms)
			ExecutionOrderSort2 (0ms)
			AwakeInstancesAfterBackupRestoration (6ms)
Platform modules already initialized, skipping
Refreshing native plugins compatible for Editor in 0.72 ms, found 15 plugins.
Preloading 2 native plugins for Editor in 0.14 ms.
Unloading 2613 Unused Serialized files (Serialized files now loaded: 0)
System memory in use before: 112.0 MB.
System memory in use after: 112.2 MB.

Unloading 40 unused Assets to reduce memory usage. Loaded Objects now: 3186.
Total: 3.192700 ms (FindLiveObjects: 0.227600 ms CreateObjectMapping: 0.105100 ms MarkObjects: 2.777000 ms  DeleteObjects: 0.081800 ms)

AssetImportParameters requested are different than current active one (requested -> active):
  custom:framework-win-MediaFoundation: 216162199b28c13a410421893ffa2e32 -> 
  custom:video-decoder-ogg-theora: a1e56fd34408186e4bbccfd4996cb3dc -> 
  custom:container-muxer-webm: aa71ff27fc2769a1b78a27578f13a17b -> 
  custom:container-demuxer-webm: 4f35f7cbe854078d1ac9338744f61a02 -> 
  custom:container-demuxer-ogg: 62fdf1f143b41e24485cea50d1cbac27 -> 
  custom:video-encoder-webm-vp8: eb34c28f22e8b96e1ab97ce403110664 -> 
  custom:video-decoder-webm-vp8: 9c59270c3fd7afecdb556c50c9e8de78 -> 
  custom:audio-decoder-ogg-vorbis: bf7c407c2cedff20999df2af8eb42d56 -> 
  custom:audio-encoder-webm-vorbis: bf7c407c2cedff20999df2af8eb42d56 -> 
========================================================================
Received Prepare
Registering precompiled user dll's ...
Registered in 0.019595 seconds.
Begin MonoManager ReloadAssembly
Native extension for WindowsStandalone target not found
Refreshing native plugins compatible for Editor in 0.72 ms, found 15 plugins.
Preloading 2 native plugins for Editor in 0.15 ms.
Added DLL directory C:\Users\Joseph\Desktop\Unity Projects\Honors-Project\Samples\Library\PackageCache\com.microsoft.mixedreality.input@0.9.2006\Plugins\Windows\x64 to the user search path.
UnityEngine.StackTraceUtility:ExtractStackTrace ()
UnityEngine.DebugLogHandler:LogFormat (UnityEngine.LogType,UnityEngine.Object,string,object[])
UnityEngine.Logger:Log (UnityEngine.LogType,object)
UnityEngine.Debug:Log (object)
Microsoft.MixedReality.Input.Init:.cctor () (at Library/PackageCache/com.microsoft.mixedreality.input@0.9.2006/Editor/Microsoft.MixedReality.Input.Init.cs:88)
System.Runtime.CompilerServices.RuntimeHelpers:RunClassConstructor (System.RuntimeTypeHandle)
UnityEditor.EditorAssemblies:ProcessInitializeOnLoadAttributes (System.Type[])

(Filename: Library/PackageCache/com.microsoft.mixedreality.input@0.9.2006/Editor/Microsoft.MixedReality.Input.Init.cs Line: 88)

Fallback handler could not load library C:/Program Files/Unity/Hub/Editor/2020.3.22f1/Editor/Data/Mono/lib/Assets/Omnicept/Glia/Plugins/advapi32.dll
Fallback handler could not load library C:/Program Files/Unity/Hub/Editor/2020.3.22f1/Editor/Data/Mono/lib/Assets/Omnicept/Glia/Plugins/advapi32.dll
Fallback handler could not load library C:/Program Files/Unity/Hub/Editor/2020.3.22f1/Editor/Data/Mono/lib/Assets/Omnicept/Glia/Plugins/advapi32.dll
Fallback handler could not load library C:/Program Files/Unity/Hub/Editor/2020.3.22f1/Editor/Data/Mono/lib/Assets/Omnicept/Glia/Plugins/advapi32
Fallback handler could not load library C:/Program Files/Unity/Hub/Editor/2020.3.22f1/Editor/Data/Mono/lib/Assets/Omnicept/Glia/Plugins/advapi32.dll
Fallback handler could not load library C:/Program Files/Unity/Hub/Editor/2020.3.22f1/Editor/Data/Mono/lib/Assets/Omnicept/Glia/Plugins/advapi32
Fallback handler could not load library C:/Program Files/Unity/Hub/Editor/2020.3.22f1/Editor/Data/Mono/lib/libAssets/Omnicept/Glia/Plugins/advapi32.dll
Fallback handler could not load library C:/Program Files/Unity/Hub/Editor/2020.3.22f1/Editor/Data/Mono/lib/libAssets/Omnicept/Glia/Plugins/advapi32.dll
Fallback handler could not load library C:/Program Files/Unity/Hub/Editor/2020.3.22f1/Editor/Data/Mono/lib/libAssets/Omnicept/Glia/Plugins/advapi32.dll
Mono: successfully reloaded assembly
- Completed reload, in  1.157 seconds
Domain Reload Profiling:
	ReloadAssembly (1158ms)
		BeginReloadAssembly (120ms)
			ExecutionOrderSort (0ms)
			DisableScriptedObjects (4ms)
			BackupInstance (0ms)
			ReleaseScriptingObjects (0ms)
			CreateAndSetChildDomain (24ms)
		EndReloadAssembly (975ms)
			LoadAssemblies (105ms)
			RebuildTransferFunctionScriptingTraits (0ms)
			SetupTypeCache (245ms)
			ReleaseScriptCaches (1ms)
			RebuildScriptCaches (34ms)
			SetupLoadedEditorAssemblies (472ms)
				LogAssemblyErrors (0ms)
				InitializePlatformSupportModulesInManaged (4ms)
				SetLoadedEditorAssemblies (0ms)
				RefreshPlugins (1ms)
				BeforeProcessingInitializeOnLoad (90ms)
				ProcessInitializeOnLoadAttributes (358ms)
				ProcessInitializeOnLoadMethodAttributes (9ms)
				AfterProcessingInitializeOnLoad (9ms)
				EditorAssembliesLoaded (0ms)
			ExecutionOrderSort2 (0ms)
			AwakeInstancesAfterBackupRestoration (6ms)
Platform modules already initialized, skipping
Refreshing native plugins compatible for Editor in 0.72 ms, found 15 plugins.
Preloading 2 native plugins for Editor in 0.15 ms.
Unloading 2613 Unused Serialized files (Serialized files now loaded: 0)
System memory in use before: 112.1 MB.
System memory in use after: 112.2 MB.

Unloading 40 unused Assets to reduce memory usage. Loaded Objects now: 3189.
Total: 3.247300 ms (FindLiveObjects: 0.232700 ms CreateObjectMapping: 0.103400 ms MarkObjects: 2.822200 ms  DeleteObjects: 0.087600 ms)

AssetImportParameters requested are different than current active one (requested -> active):
  custom:framework-win-MediaFoundation: 216162199b28c13a410421893ffa2e32 -> 
  custom:video-decoder-ogg-theora: a1e56fd34408186e4bbccfd4996cb3dc -> 
  custom:container-muxer-webm: aa71ff27fc2769a1b78a27578f13a17b -> 
  custom:container-demuxer-webm: 4f35f7cbe854078d1ac9338744f61a02 -> 
  custom:container-demuxer-ogg: 62fdf1f143b41e24485cea50d1cbac27 -> 
  custom:video-encoder-webm-vp8: eb34c28f22e8b96e1ab97ce403110664 -> 
  custom:video-decoder-webm-vp8: 9c59270c3fd7afecdb556c50c9e8de78 -> 
  custom:audio-decoder-ogg-vorbis: bf7c407c2cedff20999df2af8eb42d56 -> 
  custom:audio-encoder-webm-vorbis: bf7c407c2cedff20999df2af8eb42d56 -> 
