Using pre-set license
Built from '2020.3/staging' branch; Version is '2020.3.22f1 (e1a7f79fd887) revision 14788599'; Using compiler version '192528614'; Build Type 'Release'
OS: 'Windows 10 Pro; OS build 19043.1466; Version 2009; 64bit' Language: 'en' Physical Memory: 16319 MB
BatchMode: 1, IsHumanControllingUs: 0, StartBugReporterOnCrash: 0, Is64bit: 1, IsPro: 0

COMMAND LINE ARGUMENTS:
C:\Program Files\Unity\Hub\Editor\2020.3.22f1\Editor\Unity.exe
-adb2
-batchMode
-noUpm
-name
AssetImportWorker0
-projectPath
C:/Users/Joseph/Desktop/Unity Projects/Honors-Project/Samples
-logFile
Logs/AssetImportWorker0.log
-srvPort
53948
Successfully changed project path to: C:/Users/Joseph/Desktop/Unity Projects/Honors-Project/Samples
C:/Users/Joseph/Desktop/Unity Projects/Honors-Project/Samples
Using Asset Import Pipeline V2.
Refreshing native plugins compatible for Editor in 92.71 ms, found 15 plugins.
Preloading 2 native plugins for Editor in 1.89 ms.
Initialize engine version: 2020.3.22f1 (e1a7f79fd887)
[Subsystems] Discovering subsystems at path C:/Program Files/Unity/Hub/Editor/2020.3.22f1/Editor/Data/Resources/UnitySubsystems
[Subsystems] Discovering subsystems at path C:/Users/Joseph/Desktop/Unity Projects/Honors-Project/Samples/Assets
GfxDevice: creating device client; threaded=0
Direct3D:
    Version:  Direct3D 11.0 [level 11.1]
    Renderer: NVIDIA GeForce GTX 1070 Ti (ID=0x1b82)
    Vendor:   
    VRAM:     8079 MB
    Driver:   27.21.14.6677
Initialize mono
Mono path[0] = 'C:/Program Files/Unity/Hub/Editor/2020.3.22f1/Editor/Data/Managed'
Mono path[1] = 'C:/Program Files/Unity/Hub/Editor/2020.3.22f1/Editor/Data/MonoBleedingEdge/lib/mono/unityjit'
Mono config path = 'C:/Program Files/Unity/Hub/Editor/2020.3.22f1/Editor/Data/MonoBleedingEdge/etc'
Using monoOptions --debugger-agent=transport=dt_socket,embedding=1,server=y,suspend=n,address=127.0.0.1:56688
Begin MonoManager ReloadAssembly
Registering precompiled unity dll's ...
Register platform support module: C:/Program Files/Unity/Hub/Editor/2020.3.22f1/Editor/Data/PlaybackEngines/WindowsStandaloneSupport/UnityEditor.WindowsStandalone.Extensions.dll
Registered in 0.002420 seconds.
Fallback handler could not load library C:/Program Files/Unity/Hub/Editor/2020.3.22f1/Editor/Data/Mono/lib/Assets/Omnicept/Glia/Plugins/advapi32.dll
Fallback handler could not load library C:/Program Files/Unity/Hub/Editor/2020.3.22f1/Editor/Data/Mono/lib/Assets/Omnicept/Glia/Plugins/advapi32.dll
Fallback handler could not load library C:/Program Files/Unity/Hub/Editor/2020.3.22f1/Editor/Data/Mono/lib/Assets/Omnicept/Glia/Plugins/advapi32.dll
Fallback handler could not load library C:/Program Files/Unity/Hub/Editor/2020.3.22f1/Editor/Data/Mono/lib/Assets/Omnicept/Glia/Plugins/advapi32
Fallback handler could not load library C:/Program Files/Unity/Hub/Editor/2020.3.22f1/Editor/Data/Mono/lib/Assets/Omnicept/Glia/Plugins/advapi32.dll
Fallback handler could not load library C:/Program Files/Unity/Hub/Editor/2020.3.22f1/Editor/Data/Mono/lib/Assets/Omnicept/Glia/Plugins/advapi32
Fallback handler could not load library C:/Program Files/Unity/Hub/Editor/2020.3.22f1/Editor/Data/Mono/lib/libAssets/Omnicept/Glia/Plugins/advapi32.dll
Fallback handler could not load library C:/Program Files/Unity/Hub/Editor/2020.3.22f1/Editor/Data/Mono/lib/libAssets/Omnicept/Glia/Plugins/advapi32.dll
Fallback handler could not load library C:/Program Files/Unity/Hub/Editor/2020.3.22f1/Editor/Data/Mono/lib/libAssets/Omnicept/Glia/Plugins/advapi32.dll
Fallback handler could not load library C:/Program Files/Unity/Hub/Editor/2020.3.22f1/Editor/Data/Mono/lib/Assets/Omnicept/Glia/Plugins/advapi32.dll
Fallback handler could not load library C:/Program Files/Unity/Hub/Editor/2020.3.22f1/Editor/Data/Mono/lib/Assets/Omnicept/Glia/Plugins/advapi32.dll
Fallback handler could not load library C:/Program Files/Unity/Hub/Editor/2020.3.22f1/Editor/Data/Mono/lib/Assets/Omnicept/Glia/Plugins/advapi32.dll
Fallback handler could not load library C:/Program Files/Unity/Hub/Editor/2020.3.22f1/Editor/Data/Mono/lib/Assets/Omnicept/Glia/Plugins/advapi32
Fallback handler could not load library C:/Program Files/Unity/Hub/Editor/2020.3.22f1/Editor/Data/Mono/lib/Assets/Omnicept/Glia/Plugins/advapi32.dll
Fallback handler could not load library C:/Program Files/Unity/Hub/Editor/2020.3.22f1/Editor/Data/Mono/lib/Assets/Omnicept/Glia/Plugins/advapi32
Fallback handler could not load library C:/Program Files/Unity/Hub/Editor/2020.3.22f1/Editor/Data/Mono/lib/libAssets/Omnicept/Glia/Plugins/advapi32.dll
Fallback handler could not load library C:/Program Files/Unity/Hub/Editor/2020.3.22f1/Editor/Data/Mono/lib/libAssets/Omnicept/Glia/Plugins/advapi32.dll
Fallback handler could not load library C:/Program Files/Unity/Hub/Editor/2020.3.22f1/Editor/Data/Mono/lib/libAssets/Omnicept/Glia/Plugins/advapi32.dll
Native extension for WindowsStandalone target not found
Refreshing native plugins compatible for Editor in 43.22 ms, found 15 plugins.
Preloading 2 native plugins for Editor in 0.18 ms.
Unable to find bridge dll in registry for Microsoft Visual Studio Tools for Unity for C:\Program Files (x86)\Microsoft Visual Studio\2017\Community\Common7\IDE\devenv.exe
Mono: successfully reloaded assembly
- Completed reload, in  1.936 seconds
Domain Reload Profiling:
	ReloadAssembly (1937ms)
		BeginReloadAssembly (53ms)
			ExecutionOrderSort (0ms)
			DisableScriptedObjects (0ms)
			BackupInstance (0ms)
			ReleaseScriptingObjects (0ms)
			CreateAndSetChildDomain (1ms)
		EndReloadAssembly (422ms)
			LoadAssemblies (51ms)
			RebuildTransferFunctionScriptingTraits (0ms)
			SetupTypeCache (133ms)
			ReleaseScriptCaches (0ms)
			RebuildScriptCaches (23ms)
			SetupLoadedEditorAssemblies (147ms)
				LogAssemblyErrors (0ms)
				InitializePlatformSupportModulesInManaged (4ms)
				SetLoadedEditorAssemblies (0ms)
				RefreshPlugins (43ms)
				BeforeProcessingInitializeOnLoad (11ms)
				ProcessInitializeOnLoadAttributes (67ms)
				ProcessInitializeOnLoadMethodAttributes (22ms)
				AfterProcessingInitializeOnLoad (0ms)
				EditorAssembliesLoaded (0ms)
			ExecutionOrderSort2 (0ms)
			AwakeInstancesAfterBackupRestoration (0ms)
Platform modules already initialized, skipping
Registering precompiled user dll's ...
Registered in 0.020618 seconds.
Begin MonoManager ReloadAssembly
Fallback handler could not load library C:/Program Files/Unity/Hub/Editor/2020.3.22f1/Editor/Data/Mono/lib/Assets/Omnicept/Glia/Plugins/advapi32.dll
Fallback handler could not load library C:/Program Files/Unity/Hub/Editor/2020.3.22f1/Editor/Data/Mono/lib/Assets/Omnicept/Glia/Plugins/advapi32.dll
Fallback handler could not load library C:/Program Files/Unity/Hub/Editor/2020.3.22f1/Editor/Data/Mono/lib/Assets/Omnicept/Glia/Plugins/advapi32.dll
Fallback handler could not load library C:/Program Files/Unity/Hub/Editor/2020.3.22f1/Editor/Data/Mono/lib/Assets/Omnicept/Glia/Plugins/advapi32
Fallback handler could not load library C:/Program Files/Unity/Hub/Editor/2020.3.22f1/Editor/Data/Mono/lib/Assets/Omnicept/Glia/Plugins/advapi32.dll
Fallback handler could not load library C:/Program Files/Unity/Hub/Editor/2020.3.22f1/Editor/Data/Mono/lib/Assets/Omnicept/Glia/Plugins/advapi32
Fallback handler could not load library C:/Program Files/Unity/Hub/Editor/2020.3.22f1/Editor/Data/Mono/lib/libAssets/Omnicept/Glia/Plugins/advapi32.dll
Fallback handler could not load library C:/Program Files/Unity/Hub/Editor/2020.3.22f1/Editor/Data/Mono/lib/libAssets/Omnicept/Glia/Plugins/advapi32.dll
Fallback handler could not load library C:/Program Files/Unity/Hub/Editor/2020.3.22f1/Editor/Data/Mono/lib/libAssets/Omnicept/Glia/Plugins/advapi32.dll
Native extension for WindowsStandalone target not found
Refreshing native plugins compatible for Editor in 46.70 ms, found 15 plugins.
Preloading 2 native plugins for Editor in 0.19 ms.
[XR] [Mixed Reality OpenXR Mesh]: RegisterLifecycleProvider.
[XR] [Mixed Reality OpenXR Input]: RegisterLifecycleProvider.
Added DLL directory C:\Users\Joseph\Desktop\Unity Projects\Honors-Project\Samples\Library\PackageCache\com.microsoft.mixedreality.input@0.9.2006\Plugins\Windows\x64 to the user search path.
UnityEngine.StackTraceUtility:ExtractStackTrace ()
UnityEngine.DebugLogHandler:LogFormat (UnityEngine.LogType,UnityEngine.Object,string,object[])
UnityEngine.Logger:Log (UnityEngine.LogType,object)
UnityEngine.Debug:Log (object)
Microsoft.MixedReality.Input.Init:.cctor () (at Library/PackageCache/com.microsoft.mixedreality.input@0.9.2006/Editor/Microsoft.MixedReality.Input.Init.cs:88)
System.Runtime.CompilerServices.RuntimeHelpers:RunClassConstructor (System.RuntimeTypeHandle)
UnityEditor.EditorAssemblies:ProcessInitializeOnLoadAttributes (System.Type[])

(Filename: Library/PackageCache/com.microsoft.mixedreality.input@0.9.2006/Editor/Microsoft.MixedReality.Input.Init.cs Line: 88)

Mono: successfully reloaded assembly
- Completed reload, in  1.244 seconds
Domain Reload Profiling:
	ReloadAssembly (1245ms)
		BeginReloadAssembly (130ms)
			ExecutionOrderSort (0ms)
			DisableScriptedObjects (4ms)
			BackupInstance (0ms)
			ReleaseScriptingObjects (0ms)
			CreateAndSetChildDomain (15ms)
		EndReloadAssembly (1052ms)
			LoadAssemblies (102ms)
			RebuildTransferFunctionScriptingTraits (0ms)
			SetupTypeCache (272ms)
			ReleaseScriptCaches (0ms)
			RebuildScriptCaches (49ms)
			SetupLoadedEditorAssemblies (506ms)
				LogAssemblyErrors (0ms)
				InitializePlatformSupportModulesInManaged (3ms)
				SetLoadedEditorAssemblies (0ms)
				RefreshPlugins (47ms)
				BeforeProcessingInitializeOnLoad (103ms)
				ProcessInitializeOnLoadAttributes (335ms)
				ProcessInitializeOnLoadMethodAttributes (8ms)
				AfterProcessingInitializeOnLoad (8ms)
				EditorAssembliesLoaded (0ms)
			ExecutionOrderSort2 (0ms)
			AwakeInstancesAfterBackupRestoration (4ms)
Platform modules already initialized, skipping
========================================================================
Worker process is ready to serve import requests
Launched and connected shader compiler UnityShaderCompiler.exe after 0.06 seconds
Refreshing native plugins compatible for Editor in 0.79 ms, found 15 plugins.
Preloading 2 native plugins for Editor in 0.16 ms.
Unloading 2813 Unused Serialized files (Serialized files now loaded: 0)
System memory in use before: 120.6 MB.
System memory in use after: 120.7 MB.

Unloading 53 unused Assets to reduce memory usage. Loaded Objects now: 3288.
Total: 2.874100 ms (FindLiveObjects: 0.234400 ms CreateObjectMapping: 0.096600 ms MarkObjects: 2.454400 ms  DeleteObjects: 0.088000 ms)

AssetImportParameters requested are different than current active one (requested -> active):
  custom:framework-win-MediaFoundation: 216162199b28c13a410421893ffa2e32 -> 
  custom:video-decoder-ogg-theora: a1e56fd34408186e4bbccfd4996cb3dc -> 
  custom:container-muxer-webm: aa71ff27fc2769a1b78a27578f13a17b -> 
  custom:container-demuxer-webm: 4f35f7cbe854078d1ac9338744f61a02 -> 
  custom:container-demuxer-ogg: 62fdf1f143b41e24485cea50d1cbac27 -> 
  custom:video-encoder-webm-vp8: eb34c28f22e8b96e1ab97ce403110664 -> 
  custom:video-decoder-webm-vp8: 9c59270c3fd7afecdb556c50c9e8de78 -> 
  custom:audio-decoder-ogg-vorbis: bf7c407c2cedff20999df2af8eb42d56 -> 
  custom:audio-encoder-webm-vorbis: bf7c407c2cedff20999df2af8eb42d56 -> 
========================================================================
Received Import Request.
  path: Assets/Omnicept/OmniceptSamples/Follow
  artifactKey: Guid(6e29c89d99bf5194485edfb6b4b96f35) Importer(815301076,1909f56bfc062723c751e8b465ee728b)
Start importing Assets/Omnicept/OmniceptSamples/Follow using Guid(6e29c89d99bf5194485edfb6b4b96f35) Importer(815301076,1909f56bfc062723c751e8b465ee728b)  -> (artifact id: 'b91bed999510ab657d61d6eb11f9a68d') in 0.005045 seconds 
  Import took 0.008627 seconds .

========================================================================
Received Import Request.
  Time since last request: 0.000238 seconds.
  path: Assets/Omnicept/Glia
  artifactKey: Guid(c961e77e6fc34bf46918f8c951855de8) Importer(815301076,1909f56bfc062723c751e8b465ee728b)
Start importing Assets/Omnicept/Glia using Guid(c961e77e6fc34bf46918f8c951855de8) Importer(815301076,1909f56bfc062723c751e8b465ee728b)  -> (artifact id: 'f5c2997eae2578b45deaf273fa907138') in 0.002845 seconds 
  Import took 0.006498 seconds .

========================================================================
Received Import Request.
  Time since last request: 11.674013 seconds.
  path: Assets/Omnicept/OmniceptSamples/Display/Prefab
  artifactKey: Guid(a0881ce10ece7d2448859e208031f689) Importer(815301076,1909f56bfc062723c751e8b465ee728b)
Start importing Assets/Omnicept/OmniceptSamples/Display/Prefab using Guid(a0881ce10ece7d2448859e208031f689) Importer(815301076,1909f56bfc062723c751e8b465ee728b)  -> (artifact id: 'c22710455ff08af2813eaf0070375e06') in 0.003372 seconds 
  Import took 0.007089 seconds .

========================================================================
Received Import Request.
  Time since last request: 0.049688 seconds.
  path: Assets/Omnicept/OmniceptSamples/Display/Prefab/LogMessage.prefab
  artifactKey: Guid(d7ff7beca62895540b7fb0e3811480e9) Importer(815301076,1909f56bfc062723c751e8b465ee728b)
Start importing Assets/Omnicept/OmniceptSamples/Display/Prefab/LogMessage.prefab using Guid(d7ff7beca62895540b7fb0e3811480e9) Importer(815301076,1909f56bfc062723c751e8b465ee728b)  -> (artifact id: '00be63e84df258d27c6adf2ffbec3287') in 0.100394 seconds 
  Import took 0.104688 seconds .

========================================================================
Received Import Request.
  Time since last request: 6.160400 seconds.
  path: Assets/Omnicept/OmniceptSamples/Display.unity
  artifactKey: Guid(d42d968635497934faf2ba5f2501c7f3) Importer(815301076,1909f56bfc062723c751e8b465ee728b)
Start importing Assets/Omnicept/OmniceptSamples/Display.unity using Guid(d42d968635497934faf2ba5f2501c7f3) Importer(815301076,1909f56bfc062723c751e8b465ee728b)  -> (artifact id: '64b1c42009482970611fe645f97e545f') in 0.003992 seconds 
  Import took 0.007841 seconds .

========================================================================
Received Prepare
Registering precompiled user dll's ...
Registered in 0.020846 seconds.
Begin MonoManager ReloadAssembly
Native extension for WindowsStandalone target not found
Refreshing native plugins compatible for Editor in 0.86 ms, found 15 plugins.
Preloading 2 native plugins for Editor in 0.17 ms.
Added DLL directory C:\Users\Joseph\Desktop\Unity Projects\Honors-Project\Samples\Library\PackageCache\com.microsoft.mixedreality.input@0.9.2006\Plugins\Windows\x64 to the user search path.
UnityEngine.StackTraceUtility:ExtractStackTrace ()
UnityEngine.DebugLogHandler:LogFormat (UnityEngine.LogType,UnityEngine.Object,string,object[])
UnityEngine.Logger:Log (UnityEngine.LogType,object)
UnityEngine.Debug:Log (object)
Microsoft.MixedReality.Input.Init:.cctor () (at Library/PackageCache/com.microsoft.mixedreality.input@0.9.2006/Editor/Microsoft.MixedReality.Input.Init.cs:88)
System.Runtime.CompilerServices.RuntimeHelpers:RunClassConstructor (System.RuntimeTypeHandle)
UnityEditor.EditorAssemblies:ProcessInitializeOnLoadAttributes (System.Type[])

(Filename: Library/PackageCache/com.microsoft.mixedreality.input@0.9.2006/Editor/Microsoft.MixedReality.Input.Init.cs Line: 88)

Fallback handler could not load library C:/Program Files/Unity/Hub/Editor/2020.3.22f1/Editor/Data/Mono/lib/Assets/Omnicept/Glia/Plugins/advapi32.dll
Fallback handler could not load library C:/Program Files/Unity/Hub/Editor/2020.3.22f1/Editor/Data/Mono/lib/Assets/Omnicept/Glia/Plugins/advapi32.dll
Fallback handler could not load library C:/Program Files/Unity/Hub/Editor/2020.3.22f1/Editor/Data/Mono/lib/Assets/Omnicept/Glia/Plugins/advapi32.dll
Fallback handler could not load library C:/Program Files/Unity/Hub/Editor/2020.3.22f1/Editor/Data/Mono/lib/Assets/Omnicept/Glia/Plugins/advapi32
Fallback handler could not load library C:/Program Files/Unity/Hub/Editor/2020.3.22f1/Editor/Data/Mono/lib/Assets/Omnicept/Glia/Plugins/advapi32.dll
Fallback handler could not load library C:/Program Files/Unity/Hub/Editor/2020.3.22f1/Editor/Data/Mono/lib/Assets/Omnicept/Glia/Plugins/advapi32
Fallback handler could not load library C:/Program Files/Unity/Hub/Editor/2020.3.22f1/Editor/Data/Mono/lib/libAssets/Omnicept/Glia/Plugins/advapi32.dll
Fallback handler could not load library C:/Program Files/Unity/Hub/Editor/2020.3.22f1/Editor/Data/Mono/lib/libAssets/Omnicept/Glia/Plugins/advapi32.dll
Fallback handler could not load library C:/Program Files/Unity/Hub/Editor/2020.3.22f1/Editor/Data/Mono/lib/libAssets/Omnicept/Glia/Plugins/advapi32.dll
Mono: successfully reloaded assembly
- Completed reload, in  1.221 seconds
Domain Reload Profiling:
	ReloadAssembly (1221ms)
		BeginReloadAssembly (153ms)
			ExecutionOrderSort (0ms)
			DisableScriptedObjects (3ms)
			BackupInstance (0ms)
			ReleaseScriptingObjects (0ms)
			CreateAndSetChildDomain (54ms)
		EndReloadAssembly (1005ms)
			LoadAssemblies (105ms)
			RebuildTransferFunctionScriptingTraits (0ms)
			SetupTypeCache (276ms)
			ReleaseScriptCaches (1ms)
			RebuildScriptCaches (34ms)
			SetupLoadedEditorAssemblies (454ms)
				LogAssemblyErrors (0ms)
				InitializePlatformSupportModulesInManaged (4ms)
				SetLoadedEditorAssemblies (0ms)
				RefreshPlugins (1ms)
				BeforeProcessingInitializeOnLoad (91ms)
				ProcessInitializeOnLoadAttributes (339ms)
				ProcessInitializeOnLoadMethodAttributes (8ms)
				AfterProcessingInitializeOnLoad (10ms)
				EditorAssembliesLoaded (0ms)
			ExecutionOrderSort2 (0ms)
			AwakeInstancesAfterBackupRestoration (6ms)
Platform modules already initialized, skipping
Refreshing native plugins compatible for Editor in 1.33 ms, found 15 plugins.
Preloading 2 native plugins for Editor in 0.17 ms.
Unloading 2737 Unused Serialized files (Serialized files now loaded: 0)
System memory in use before: 116.1 MB.
System memory in use after: 116.3 MB.

Unloading 46 unused Assets to reduce memory usage. Loaded Objects now: 3291.
Total: 3.063200 ms (FindLiveObjects: 0.223800 ms CreateObjectMapping: 0.109700 ms MarkObjects: 2.667400 ms  DeleteObjects: 0.061500 ms)

AssetImportParameters requested are different than current active one (requested -> active):
  custom:framework-win-MediaFoundation: 216162199b28c13a410421893ffa2e32 -> 
  custom:video-decoder-ogg-theora: a1e56fd34408186e4bbccfd4996cb3dc -> 
  custom:container-muxer-webm: aa71ff27fc2769a1b78a27578f13a17b -> 
  custom:container-demuxer-webm: 4f35f7cbe854078d1ac9338744f61a02 -> 
  custom:container-demuxer-ogg: 62fdf1f143b41e24485cea50d1cbac27 -> 
  custom:video-encoder-webm-vp8: eb34c28f22e8b96e1ab97ce403110664 -> 
  custom:video-decoder-webm-vp8: 9c59270c3fd7afecdb556c50c9e8de78 -> 
  custom:audio-decoder-ogg-vorbis: bf7c407c2cedff20999df2af8eb42d56 -> 
  custom:audio-encoder-webm-vorbis: bf7c407c2cedff20999df2af8eb42d56 -> 
AssetImportWorkerClient::OnTransportError - code=2 error=End of file
